<?xml version="1.0" encoding="UTF-8" ?>
<testsuite tests="6" failures="0" name="org.learn.junit.BankAccountTest" time="0.003" errors="0" skipped="0">
  <properties>
    <property name="jansi.mode" value="strip"/>
    <property name="java.runtime.name" value="OpenJDK Runtime Environment"/>
    <property name="java.vm.version" value="17+35-LTS"/>
    <property name="sun.boot.library.path" value="L:\JDK\Amazon Corretto JDK 17\jdk17.0.0_35\bin"/>
    <property name="maven.multiModuleProjectDirectory" value="S:\+Crazy+\Java\Eclipse\MavenLearningJUnit"/>
    <property name="java.vm.vendor" value="Amazon.com Inc."/>
    <property name="java.vendor.url" value="https://aws.amazon.com/corretto/"/>
    <property name="guice.disable.misplaced.annotation.check" value="true"/>
    <property name="path.separator" value=";"/>
    <property name="java.vm.name" value="OpenJDK 64-Bit Server VM"/>
    <property name="sun.os.patch.level" value=""/>
    <property name="user.script" value=""/>
    <property name="user.country" value="US"/>
    <property name="sun.java.launcher" value="SUN_STANDARD"/>
    <property name="java.vm.specification.name" value="Java Virtual Machine Specification"/>
    <property name="user.dir" value="S:\+Crazy+\Java\Eclipse\MavenLearningJUnit"/>
    <property name="java.vm.compressedOopsMode" value="Zero based"/>
    <property name="java.runtime.version" value="17+35-LTS"/>
    <property name="os.arch" value="amd64"/>
    <property name="java.io.tmpdir" value="C:\Temp\"/>
    <property name="line.separator" value="
"/>
    <property name="java.vm.specification.vendor" value="Oracle Corporation"/>
    <property name="user.variant" value=""/>
    <property name="os.name" value="Windows 10"/>
    <property name="classworlds.conf" value="S:\+Crazy+\Java\Eclipse\.metadata\.plugins\org.eclipse.m2e.launching\launches\m2conf8710045298778064305.tmp"/>
    <property name="sun.jnu.encoding" value="Cp1252"/>
    <property name="java.library.path" value="L:\JDK\Amazon Corretto JDK 17\jdk17.0.0_35\bin;C:\WINDOWS\Sun\Java\bin;C:\WINDOWS\system32;C:\WINDOWS;L:/JDK/Amazon Corretto JDK 17/jdk17.0.0_35/bin/server;L:/JDK/Amazon Corretto JDK 17/jdk17.0.0_35/bin;L:\JDK\Amazon Corretto JDK 17\jdk17.0.0_35\bin;L:\JDK\Amazon Corretto JDK 11\jdk11.0.12_7\bin;L:\Python3.8.6\Scripts\;L:\Python3.8.6\;C:\Windows\system32;C:\Windows;C:\Windows\System32\Wbem;C:\Windows\System32\WindowsPowerShell\v1.0\;C:\Windows\System32\OpenSSH\;C:\Program Files (x86)\NVIDIA Corporation\PhysX\Common;C:\Program Files\NVIDIA Corporation\NVIDIA NvDLISR;C:\WINDOWS\system32;C:\WINDOWS;C:\WINDOWS\System32\Wbem;C:\WINDOWS\System32\WindowsPowerShell\v1.0\;C:\WINDOWS\System32\OpenSSH\;C:\Program Files\dotnet\;L:\XAMPP\mysql\bin;L:\Git\Git\cmd;L:\P4merge\;L:\Maven\apache-maven-3.8.2\bin;L:\Cmder\bin;L:\7zip\7-Zip;L:\Winrar;L:\JDK\bin;L:\Git\Git\bin;C:\Users\houou\AppData\Local\Microsoft\WindowsApps;L:\VSCode\Microsoft VS Code\bin;L:\XAMPP\php;L:\Composer;C:\Users\houou\AppData\Roaming\Composer\vendor\bin;L:\Python2.7;L:\Python3.8.6;L:\XAMPP\mysql\bin;L:\JDK\bin;;L:\Eclipse\eclipse;;."/>
    <property name="jdk.debug" value="release"/>
    <property name="java.class.version" value="61.0"/>
    <property name="java.specification.name" value="Java Platform API Specification"/>
    <property name="sun.management.compiler" value="HotSpot 64-Bit Tiered Compilers"/>
    <property name="os.version" value="10.0"/>
    <property name="user.home" value="C:\Users\houou"/>
    <property name="user.timezone" value="Australia/Perth"/>
    <property name="file.encoding" value="Cp1252"/>
    <property name="java.specification.version" value="17"/>
    <property name="user.name" value="houou"/>
    <property name="java.class.path" value="L:\Maven\apache-maven-3.8.2\boot\plexus-classworlds-2.6.0.jar"/>
    <property name="java.vm.specification.version" value="17"/>
    <property name="sun.arch.data.model" value="64"/>
    <property name="sun.java.command" value="org.codehaus.plexus.classworlds.launcher.Launcher -B -s L:\Maven\apache-maven-3.8.2\conf\settings.xml test"/>
    <property name="java.home" value="L:\JDK\Amazon Corretto JDK 17\jdk17.0.0_35"/>
    <property name="user.language" value="en"/>
    <property name="java.specification.vendor" value="Oracle Corporation"/>
    <property name="java.vm.info" value="mixed mode, sharing"/>
    <property name="java.version" value="17"/>
    <property name="native.encoding" value="Cp1252"/>
    <property name="java.vendor" value="Amazon.com Inc."/>
    <property name="maven.home" value="L:\Maven\apache-maven-3.8.2"/>
    <property name="file.separator" value="\"/>
    <property name="java.version.date" value="2021-09-14"/>
    <property name="java.vendor.url.bug" value="https://github.com/corretto/corretto-17/issues/"/>
    <property name="sun.io.unicode.encoding" value="UnicodeLittle"/>
    <property name="sun.cpu.endian" value="little"/>
    <property name="java.vendor.version" value="Corretto-17.0.0.35.1"/>
    <property name="sun.cpu.isalist" value="amd64"/>
  </properties>
  <testcase classname="org.learn.junit.BankAccountTest" name="testGetBalance_deposit" time="0.003"/>
  <testcase classname="org.learn.junit.BankAccountTest" name="testWithdraw" time="0"/>
  <testcase classname="org.learn.junit.BankAccountTest" name="testGetLastName" time="0"/>
  <testcase classname="org.learn.junit.BankAccountTest" name="testGetFirstName" time="0"/>
  <testcase classname="org.learn.junit.BankAccountTest" name="testDeposit" time="0"/>
  <testcase classname="org.learn.junit.BankAccountTest" name="testGetBalance_withdraw" time="0"/>
</testsuite>